#
# There is insufficient memory for the Java Runtime Environment to continue.
# Native memory allocation (mmap) failed to map 65011712 bytes for G1 virtual space
# Possible reasons:
#   The system is out of physical RAM or swap space
#   The process is running with CompressedOops enabled, and the Java Heap may be blocking the growth of the native heap
# Possible solutions:
#   Reduce memory load on the system
#   Increase physical memory or swap space
#   Check if swap backing store is full
#   Decrease Java heap size (-Xmx/-Xms)
#   Decrease number of Java threads
#   Decrease Java thread stack sizes (-Xss)
#   Set larger code cache with -XX:ReservedCodeCacheSize=
#   JVM is running with Unscaled Compressed Oops mode in which the Java heap is
#     placed in the first 4GB address space. The Java Heap base address is the
#     maximum limit for the native heap growth. Please use -XX:HeapBaseMinAddress
#     to set the Java Heap base and to place the Java Heap above 4GB virtual address.
# This output file may be truncated or incomplete.
#
#  Out of Memory Error (os_windows.cpp:3528), pid=6720, tid=3568
#
# JRE version: OpenJDK Runtime Environment (20.0.1+9) (build 20.0.1+9-29)
# Java VM: OpenJDK 64-Bit Server VM (20.0.1+9-29, mixed mode, sharing, tiered, compressed oops, compressed class ptrs, g1 gc, windows-amd64)
# No core dump will be written. Minidumps are not enabled by default on client versions of Windows
#

---------------  S U M M A R Y ------------

Command Line: -ea -Didea.test.cyclic.buffer.size=1048576 -javaagent:C:\Program Files\JetBrains\IntelliJ IDEA 2023.1.4\lib\idea_rt.jar=61154:C:\Program Files\JetBrains\IntelliJ IDEA 2023.1.4\bin -Dfile.encoding=UTF-8 -Dsun.stdout.encoding=UTF-8 -Dsun.stderr.encoding=UTF-8 com.intellij.rt.junit.JUnitStarter -ideVersion5 -junit5 com.shopme.address.AddressRepositoryTests,testAddNew

Host: Intel(R) Core(TM) i3-8130U CPU @ 2.20GHz, 4 cores, 3G,  Windows 11 , 64 bit Build 22621 (10.0.22621.2215)
Time: Sat Sep 30 21:54:20 2023 SE Asia Standard Time elapsed time: 36.673575 seconds (0d 0h 0m 36s)

---------------  T H R E A D  ---------------

Current thread (0x0000019e4dcf09f0):  VMThread "VM Thread" [stack: 0x000000186cd00000,0x000000186ce00000] [id=3568]

Stack: [0x000000186cd00000,0x000000186ce00000]
Native frames: (J=compiled Java code, j=interpreted, Vv=VM code, C=native code)
V  [jvm.dll+0x6bb95a]
V  [jvm.dll+0x8485fa]
V  [jvm.dll+0x84a1f5]
V  [jvm.dll+0x84a8f3]
V  [jvm.dll+0x280b0f]
V  [jvm.dll+0x6b86e9]
V  [jvm.dll+0x6ad2da]
V  [jvm.dll+0x35adf5]
V  [jvm.dll+0x363016]
V  [jvm.dll+0x3b3b3e]
V  [jvm.dll+0x3b3dc5]
V  [jvm.dll+0x32b50a]
V  [jvm.dll+0x32b5b7]
V  [jvm.dll+0x373942]
V  [jvm.dll+0x372140]
V  [jvm.dll+0x32ac51]
V  [jvm.dll+0x371836]
V  [jvm.dll+0x85023e]
V  [jvm.dll+0x851351]
V  [jvm.dll+0x851859]
V  [jvm.dll+0x851ad3]
V  [jvm.dll+0x7f4b56]
V  [jvm.dll+0x6ba5cb]
C  [ucrtbase.dll+0x29363]
C  [KERNEL32.DLL+0x1257d]
C  [ntdll.dll+0x5aa68]

VM_Operation (0x000000186c6fabf0): G1CollectForAllocation, mode: safepoint, requested by thread 0x0000019e3329f060


---------------  P R O C E S S  ---------------

Threads class SMR info:
_java_thread_list=0x0000019e54ae65b0, length=14, elements={
0x0000019e3329f060, 0x0000019e4dd0c190, 0x0000019e4dd0d130, 0x0000019e4dd0fa90,
0x0000019e4dd134f0, 0x0000019e4dd13fd0, 0x0000019e4dd159f0, 0x0000019e4dd18470,
0x0000019e4dd259a0, 0x0000019e33349400, 0x0000019e52191e40, 0x0000019e52196ba0,
0x0000019e529ad590, 0x0000019e529ab5b0
}

Java Threads: ( => current thread )
  0x0000019e3329f060 JavaThread "main" [_thread_blocked, id=5624, stack(0x000000186c600000,0x000000186c700000)]
  0x0000019e4dd0c190 JavaThread "Reference Handler" daemon [_thread_blocked, id=14868, stack(0x000000186ce00000,0x000000186cf00000)]
  0x0000019e4dd0d130 JavaThread "Finalizer" daemon [_thread_blocked, id=6424, stack(0x000000186cf00000,0x000000186d000000)]
  0x0000019e4dd0fa90 JavaThread "Signal Dispatcher" daemon [_thread_blocked, id=5968, stack(0x000000186d000000,0x000000186d100000)]
  0x0000019e4dd134f0 JavaThread "Attach Listener" daemon [_thread_blocked, id=11388, stack(0x000000186d100000,0x000000186d200000)]
  0x0000019e4dd13fd0 JavaThread "Service Thread" daemon [_thread_blocked, id=14948, stack(0x000000186d200000,0x000000186d300000)]
  0x0000019e4dd159f0 JavaThread "Monitor Deflation Thread" daemon [_thread_blocked, id=9888, stack(0x000000186d300000,0x000000186d400000)]
  0x0000019e4dd18470 JavaThread "C2 CompilerThread0" daemon [_thread_in_native, id=6304, stack(0x000000186d400000,0x000000186d500000)]
  0x0000019e4dd259a0 JavaThread "C1 CompilerThread0" daemon [_thread_blocked, id=15272, stack(0x000000186d500000,0x000000186d600000)]
  0x0000019e33349400 JavaThread "Common-Cleaner" daemon [_thread_blocked, id=2400, stack(0x000000186d600000,0x000000186d700000)]
  0x0000019e52191e40 JavaThread "Monitor Ctrl-Break" daemon [_thread_in_native, id=12424, stack(0x000000186d700000,0x000000186d800000)]
  0x0000019e52196ba0 JavaThread "Notification Thread" daemon [_thread_blocked, id=12968, stack(0x000000186d800000,0x000000186d900000)]
  0x0000019e529ad590 JavaThread "mysql-cj-abandoned-connection-cleanup" daemon [_thread_blocked, id=10284, stack(0x000000186dd00000,0x000000186de00000)]
  0x0000019e529ab5b0 JavaThread "HikariPool-1 housekeeper" daemon [_thread_blocked, id=14452, stack(0x000000186e000000,0x000000186e100000)]

Other Threads:
=>0x0000019e4dcf09f0 VMThread "VM Thread" [stack: 0x000000186cd00000,0x000000186ce00000] [id=3568]
  0x0000019e52192390 WatcherThread "VM Periodic Task Thread" [stack: 0x000000186d900000,0x000000186da00000] [id=16856]
  0x0000019e332df690 WorkerThread "GC Thread#0" [stack: 0x000000186c800000,0x000000186c900000] [id=8228]
  0x0000019e5280a2a0 WorkerThread "GC Thread#1" [stack: 0x000000186da00000,0x000000186db00000] [id=6804]
  0x0000019e52841440 WorkerThread "GC Thread#2" [stack: 0x000000186db00000,0x000000186dc00000] [id=4192]
  0x0000019e52841710 WorkerThread "GC Thread#3" [stack: 0x000000186dc00000,0x000000186dd00000] [id=14600]
  0x0000019e332e81a0 ConcurrentGCThread "G1 Main Marker" [stack: 0x000000186c900000,0x000000186ca00000] [id=576]
  0x0000019e332e8d70 WorkerThread "G1 Conc#0" [stack: 0x000000186ca00000,0x000000186cb00000] [id=15732]
  0x0000019e33339cc0 ConcurrentGCThread "G1 Refine#0" [stack: 0x000000186cb00000,0x000000186cc00000] [id=9688]
  0x0000019e3333b0a0 ConcurrentGCThread "G1 Service" [stack: 0x000000186cc00000,0x000000186cd00000] [id=9468]

Threads with active compile tasks:
C2 CompilerThread0    36749 6872       4       org.antlr.v4.runtime.atn.ParserATNSimulator::closure_ (311 bytes)

VM state: at safepoint (normal execution)

VM Mutex/Monitor currently owned by a thread:  ([mutex/lock_event])
[0x0000019e33299cf0] Threads_lock - owner thread: 0x0000019e4dcf09f0
[0x0000019e3329a8c0] Heap_lock - owner thread: 0x0000019e3329f060

Heap address: 0x00000000c2000000, size: 992 MB, Compressed Oops mode: 32-bit

CDS archive(s) mapped at: [0x0000000800000000-0x0000000800c60000-0x0000000800c60000), size 12976128, SharedBaseAddress: 0x0000000800000000, ArchiveRelocationMode: 0.
Compressed class space mapped at: 0x0000000801000000-0x0000000841000000, reserved size: 1073741824
Narrow klass base: 0x0000000800000000, Narrow klass shift: 0, Narrow klass range: 0x100000000

GC Precious Log:
 CardTable entry size: 512
 Card Set container configuration: InlinePtr #cards 5 size 8 Array Of Cards #cards 12 size 40 Howl #buckets 4 coarsen threshold 1843 Howl Bitmap #cards 512 size 80 coarsen threshold 460 Card regions per heap region 1 cards per card region 2048
 CPUs: 4 total, 4 available
 Memory: 3964M
 Large Page Support: Disabled
 NUMA Support: Disabled
 Compressed Oops: Enabled (32-bit)
 Heap Region Size: 1M
 Heap Min Capacity: 8M
 Heap Initial Capacity: 62M
 Heap Max Capacity: 992M
 Pre-touch: Disabled
 Parallel Workers: 4
 Concurrent Workers: 1
 Concurrent Refinement Workers: 4
 Periodic GC: Disabled

Heap:
 garbage-first heap   total 63488K, used 29972K [0x00000000c2000000, 0x0000000100000000)
  region size 1024K, 2 young (2048K), 2 survivors (2048K)
 Metaspace       used 63719K, committed 64320K, reserved 1114112K
  class space    used 8702K, committed 8960K, reserved 1048576K

Heap Regions: E=young(eden), S=young(survivor), O=old, HS=humongous(starts), HC=humongous(continues), CS=collection set, F=free, OA=open archive, CA=closed archive, TAMS=top-at-mark-start, PB=parsable bottom
|   0|0x00000000c2000000, 0x00000000c2100000, 0x00000000c2100000|100%|HS|  |TAMS 0x00000000c2100000| PB 0x00000000c2000000| Complete 
|   1|0x00000000c2100000, 0x00000000c2200000, 0x00000000c2200000|100%| O|  |TAMS 0x00000000c2200000| PB 0x00000000c2100000| Untracked 
|   2|0x00000000c2200000, 0x00000000c2300000, 0x00000000c2300000|100%| O|  |TAMS 0x00000000c2300000| PB 0x00000000c2200000| Untracked 
|   3|0x00000000c2300000, 0x00000000c2400000, 0x00000000c2400000|100%| O|  |TAMS 0x00000000c2400000| PB 0x00000000c2300000| Untracked 
|   4|0x00000000c2400000, 0x00000000c2500000, 0x00000000c2500000|100%| O|  |TAMS 0x00000000c2500000| PB 0x00000000c2400000| Untracked 
|   5|0x00000000c2500000, 0x00000000c2600000, 0x00000000c2600000|100%| O|  |TAMS 0x00000000c2600000| PB 0x00000000c2500000| Untracked 
|   6|0x00000000c2600000, 0x00000000c2700000, 0x00000000c2700000|100%| O|  |TAMS 0x00000000c2700000| PB 0x00000000c2600000| Untracked 
|   7|0x00000000c2700000, 0x00000000c2800000, 0x00000000c2800000|100%| O|  |TAMS 0x00000000c2800000| PB 0x00000000c2700000| Untracked 
|   8|0x00000000c2800000, 0x00000000c2900000, 0x00000000c2900000|100%| O|  |TAMS 0x00000000c2900000| PB 0x00000000c2800000| Untracked 
|   9|0x00000000c2900000, 0x00000000c2a00000, 0x00000000c2a00000|100%| O|  |TAMS 0x00000000c2a00000| PB 0x00000000c2900000| Untracked 
|  10|0x00000000c2a00000, 0x00000000c2b00000, 0x00000000c2b00000|100%| O|  |TAMS 0x00000000c2b00000| PB 0x00000000c2a00000| Untracked 
|  11|0x00000000c2b00000, 0x00000000c2c00000, 0x00000000c2c00000|100%| O|  |TAMS 0x00000000c2c00000| PB 0x00000000c2b00000| Untracked 
|  12|0x00000000c2c00000, 0x00000000c2d00000, 0x00000000c2d00000|100%| O|  |TAMS 0x00000000c2d00000| PB 0x00000000c2c00000| Untracked 
|  13|0x00000000c2d00000, 0x00000000c2e00000, 0x00000000c2e00000|100%| O|  |TAMS 0x00000000c2e00000| PB 0x00000000c2d00000| Untracked 
|  14|0x00000000c2e00000, 0x00000000c2f00000, 0x00000000c2f00000|100%| O|  |TAMS 0x00000000c2f00000| PB 0x00000000c2e00000| Untracked 
|  15|0x00000000c2f00000, 0x00000000c3000000, 0x00000000c3000000|100%| O|  |TAMS 0x00000000c3000000| PB 0x00000000c2f00000| Untracked 
|  16|0x00000000c3000000, 0x00000000c3100000, 0x00000000c3100000|100%| O|  |TAMS 0x00000000c3100000| PB 0x00000000c3000000| Untracked 
|  17|0x00000000c3100000, 0x00000000c3145200, 0x00000000c3200000| 27%| O|  |TAMS 0x00000000c3100000| PB 0x00000000c3100000| Untracked 
|  18|0x00000000c3200000, 0x00000000c3300000, 0x00000000c3300000|100%| O|  |TAMS 0x00000000c3300000| PB 0x00000000c3200000| Untracked 
|  19|0x00000000c3300000, 0x00000000c3400000, 0x00000000c3400000|100%| O|  |TAMS 0x00000000c3400000| PB 0x00000000c3300000| Untracked 
|  20|0x00000000c3400000, 0x00000000c3500000, 0x00000000c3500000|100%| O|  |TAMS 0x00000000c3500000| PB 0x00000000c3400000| Untracked 
|  21|0x00000000c3500000, 0x00000000c3600000, 0x00000000c3600000|100%| O|  |TAMS 0x00000000c3600000| PB 0x00000000c3500000| Untracked 
|  22|0x00000000c3600000, 0x00000000c3700000, 0x00000000c3700000|100%| O|  |TAMS 0x00000000c3700000| PB 0x00000000c3600000| Untracked 
|  23|0x00000000c3700000, 0x00000000c3800000, 0x00000000c3800000|100%| O|  |TAMS 0x00000000c3800000| PB 0x00000000c3700000| Untracked 
|  24|0x00000000c3800000, 0x00000000c3900000, 0x00000000c3900000|100%| O|  |TAMS 0x00000000c3900000| PB 0x00000000c3800000| Untracked 
|  25|0x00000000c3900000, 0x00000000c3a00000, 0x00000000c3a00000|100%| O|  |TAMS 0x00000000c3a00000| PB 0x00000000c3900000| Untracked 
|  26|0x00000000c3a00000, 0x00000000c3b00000, 0x00000000c3b00000|100%| O|  |TAMS 0x00000000c3b00000| PB 0x00000000c3a00000| Untracked 
|  27|0x00000000c3b00000, 0x00000000c3c00000, 0x00000000c3c00000|100%| O|  |TAMS 0x00000000c3ba5600| PB 0x00000000c3b00000| Untracked 
|  28|0x00000000c3c00000, 0x00000000c3c00000, 0x00000000c3d00000|  0%| F|  |TAMS 0x00000000c3c00000| PB 0x00000000c3c00000| Untracked 
|  29|0x00000000c3d00000, 0x00000000c3d00000, 0x00000000c3e00000|  0%| F|  |TAMS 0x00000000c3d00000| PB 0x00000000c3d00000| Untracked 
|  30|0x00000000c3e00000, 0x00000000c3e00000, 0x00000000c3f00000|  0%| F|  |TAMS 0x00000000c3e00000| PB 0x00000000c3e00000| Untracked 
|  31|0x00000000c3f00000, 0x00000000c3f00000, 0x00000000c4000000|  0%| F|  |TAMS 0x00000000c3f00000| PB 0x00000000c3f00000| Untracked 
|  32|0x00000000c4000000, 0x00000000c4000000, 0x00000000c4100000|  0%| F|  |TAMS 0x00000000c4000000| PB 0x00000000c4000000| Untracked 
|  33|0x00000000c4100000, 0x00000000c4100000, 0x00000000c4200000|  0%| F|  |TAMS 0x00000000c4100000| PB 0x00000000c4100000| Untracked 
|  34|0x00000000c4200000, 0x00000000c4200000, 0x00000000c4300000|  0%| F|  |TAMS 0x00000000c4200000| PB 0x00000000c4200000| Untracked 
|  35|0x00000000c4300000, 0x00000000c4400000, 0x00000000c4400000|100%| S|CS|TAMS 0x00000000c4300000| PB 0x00000000c4300000| Complete 
|  36|0x00000000c4400000, 0x00000000c4500000, 0x00000000c4500000|100%| S|CS|TAMS 0x00000000c4400000| PB 0x00000000c4400000| Complete 
|  37|0x00000000c4500000, 0x00000000c4500000, 0x00000000c4600000|  0%| F|  |TAMS 0x00000000c4500000| PB 0x00000000c4500000| Untracked 
|  38|0x00000000c4600000, 0x00000000c4600000, 0x00000000c4700000|  0%| F|  |TAMS 0x00000000c4600000| PB 0x00000000c4600000| Untracked 
|  39|0x00000000c4700000, 0x00000000c4700000, 0x00000000c4800000|  0%| F|  |TAMS 0x00000000c4700000| PB 0x00000000c4700000| Untracked 
|  40|0x00000000c4800000, 0x00000000c4800000, 0x00000000c4900000|  0%| F|  |TAMS 0x00000000c4800000| PB 0x00000000c4800000| Untracked 
|  41|0x00000000c4900000, 0x00000000c4900000, 0x00000000c4a00000|  0%| F|  |TAMS 0x00000000c4900000| PB 0x00000000c4900000| Untracked 
|  42|0x00000000c4a00000, 0x00000000c4a00000, 0x00000000c4b00000|  0%| F|  |TAMS 0x00000000c4a00000| PB 0x00000000c4a00000| Untracked 
|  43|0x00000000c4b00000, 0x00000000c4b00000, 0x00000000c4c00000|  0%| F|  |TAMS 0x00000000c4b00000| PB 0x00000000c4b00000| Untracked 
|  44|0x00000000c4c00000, 0x00000000c4c00000, 0x00000000c4d00000|  0%| F|  |TAMS 0x00000000c4c00000| PB 0x00000000c4c00000| Untracked 
|  45|0x00000000c4d00000, 0x00000000c4d00000, 0x00000000c4e00000|  0%| F|  |TAMS 0x00000000c4d00000| PB 0x00000000c4d00000| Untracked 
|  46|0x00000000c4e00000, 0x00000000c4e00000, 0x00000000c4f00000|  0%| F|  |TAMS 0x00000000c4e00000| PB 0x00000000c4e00000| Untracked 
|  47|0x00000000c4f00000, 0x00000000c4f00000, 0x00000000c5000000|  0%| F|  |TAMS 0x00000000c4f00000| PB 0x00000000c4f00000| Untracked 
|  48|0x00000000c5000000, 0x00000000c5000000, 0x00000000c5100000|  0%| F|  |TAMS 0x00000000c5000000| PB 0x00000000c5000000| Untracked 
|  49|0x00000000c5100000, 0x00000000c5100000, 0x00000000c5200000|  0%| F|  |TAMS 0x00000000c5100000| PB 0x00000000c5100000| Untracked 
|  50|0x00000000c5200000, 0x00000000c5200000, 0x00000000c5300000|  0%| F|  |TAMS 0x00000000c5200000| PB 0x00000000c5200000| Untracked 
|  51|0x00000000c5300000, 0x00000000c5300000, 0x00000000c5400000|  0%| F|  |TAMS 0x00000000c5300000| PB 0x00000000c5300000| Untracked 
|  52|0x00000000c5400000, 0x00000000c5400000, 0x00000000c5500000|  0%| F|  |TAMS 0x00000000c5400000| PB 0x00000000c5400000| Untracked 
|  53|0x00000000c5500000, 0x00000000c5500000, 0x00000000c5600000|  0%| F|  |TAMS 0x00000000c5500000| PB 0x00000000c5500000| Untracked 
|  54|0x00000000c5600000, 0x00000000c5600000, 0x00000000c5700000|  0%| F|  |TAMS 0x00000000c5600000| PB 0x00000000c5600000| Untracked 
|  55|0x00000000c5700000, 0x00000000c5700000, 0x00000000c5800000|  0%| F|  |TAMS 0x00000000c5700000| PB 0x00000000c5700000| Untracked 
|  56|0x00000000c5800000, 0x00000000c5800000, 0x00000000c5900000|  0%| F|  |TAMS 0x00000000c5800000| PB 0x00000000c5800000| Untracked 
|  57|0x00000000c5900000, 0x00000000c5900000, 0x00000000c5a00000|  0%| F|  |TAMS 0x00000000c5900000| PB 0x00000000c5900000| Untracked 
|  58|0x00000000c5a00000, 0x00000000c5a00000, 0x00000000c5b00000|  0%| F|  |TAMS 0x00000000c5a00000| PB 0x00000000c5a00000| Untracked 
|  59|0x00000000c5b00000, 0x00000000c5b00000, 0x00000000c5c00000|  0%| F|  |TAMS 0x00000000c5b00000| PB 0x00000000c5b00000| Untracked 
|  60|0x00000000c5c00000, 0x00000000c5c00000, 0x00000000c5d00000|  0%| F|  |TAMS 0x00000000c5c00000| PB 0x00000000c5c00000| Untracked 
|  61|0x00000000c5d00000, 0x00000000c5d00000, 0x00000000c5e00000|  0%| F|  |TAMS 0x00000000c5d00000| PB 0x00000000c5d00000| Untracked 

Card table byte_map: [0x0000019e4a530000,0x0000019e4a720000] _byte_map_base: 0x0000019e49f20000

Marking Bits: (CMBitMap*) 0x0000019e332dfcc0
 Bits: [0x0000019e4a910000, 0x0000019e4b890000)

Polling page: 0x0000019e32a50000

Metaspace:

Usage:
  Non-class:     53.73 MB used.
      Class:      8.50 MB used.
       Both:     62.23 MB used.

Virtual space:
  Non-class space:       64.00 MB reserved,      54.06 MB ( 84%) committed,  1 nodes.
      Class space:        1.00 GB reserved,       8.75 MB ( <1%) committed,  1 nodes.
             Both:        1.06 GB reserved,      62.81 MB (  6%) committed. 

Chunk freelists:
   Non-Class:  1.22 MB
       Class:  3.20 MB
        Both:  4.42 MB

MaxMetaspaceSize: unlimited
CompressedClassSpaceSize: 1.00 GB
Initial GC threshold: 21.00 MB
Current GC threshold: 104.06 MB
CDS: on
MetaspaceReclaimPolicy: balanced
 - commit_granule_bytes: 65536.
 - commit_granule_words: 8192.
 - virtual_space_node_default_size: 8388608.
 - enlarge_chunks_in_place: 1.
 - new_chunks_are_fully_committed: 0.
 - uncommit_free_chunks: 1.
 - use_allocation_guard: 0.


Internal statistics:

num_allocs_failed_limit: 9.
num_arena_births: 726.
num_arena_deaths: 0.
num_vsnodes_births: 2.
num_vsnodes_deaths: 0.
num_space_committed: 1005.
num_space_uncommitted: 0.
num_chunks_returned_to_freelist: 9.
num_chunks_taken_from_freelist: 2892.
num_chunk_merges: 0.
num_chunk_splits: 2108.
num_chunks_enlarged: 1709.
num_inconsistent_stats: 0.

CodeHeap 'non-profiled nmethods': size=120000Kb used=2931Kb max_used=2931Kb free=117069Kb
 bounds [0x0000019e42e10000, 0x0000019e43110000, 0x0000019e4a340000]
CodeHeap 'profiled nmethods': size=120000Kb used=11235Kb max_used=11858Kb free=108764Kb
 bounds [0x0000019e3b340000, 0x0000019e3bee0000, 0x0000019e42870000]
CodeHeap 'non-nmethods': size=5760Kb used=1741Kb max_used=1825Kb free=4018Kb
 bounds [0x0000019e42870000, 0x0000019e42ae0000, 0x0000019e42e10000]
 total_blobs=6685 nmethods=5977 adapters=617
 compilation: enabled
              stopped_count=0, restarted_count=0
 full_count=0

Compilation events (20 events):
Event: 36.646 Thread 0x0000019e4dd259a0 6945       2       java.util.stream.ForEachOps$ForEachOp::getOpFlags (15 bytes)
Event: 36.646 Thread 0x0000019e4dd259a0 nmethod 6945 0x0000019e3bb81410 code [0x0000019e3bb815a0, 0x0000019e3bb816c0]
Event: 36.646 Thread 0x0000019e4dd259a0 6946       2       java.util.stream.ForEachOps$ForEachOp$OfRef::evaluateSequential (7 bytes)
Event: 36.646 Thread 0x0000019e4dd259a0 nmethod 6946 0x0000019e3bb80e90 code [0x0000019e3bb81020, 0x0000019e3bb811a8]
Event: 36.646 Thread 0x0000019e4dd259a0 6947   !   2       org.springframework.util.ReflectionUtils::doWithLocalFields (63 bytes)
Event: 36.646 Thread 0x0000019e4dd259a0 nmethod 6947 0x0000019e3bc1aa90 code [0x0000019e3bc1ac60, 0x0000019e3bc1af48]
Event: 36.647 Thread 0x0000019e4dd259a0 6948       2       org.springframework.core.MethodParameter::getNestedParameterType (138 bytes)
Event: 36.647 Thread 0x0000019e4dd259a0 nmethod 6948 0x0000019e3bc05f90 code [0x0000019e3bc061e0, 0x0000019e3bc06930]
Event: 36.647 Thread 0x0000019e4dd259a0 6949       1       org.springframework.beans.GenericTypeAwarePropertyDescriptor::getPropertyType (5 bytes)
Event: 36.647 Thread 0x0000019e4dd259a0 nmethod 6949 0x0000019e42e9f010 code [0x0000019e42e9f180, 0x0000019e42e9f248]
Event: 36.648 Thread 0x0000019e4dd259a0 6950       2       org.hibernate.internal.AbstractSharedSessionContract::isClosed (23 bytes)
Event: 36.648 Thread 0x0000019e4dd259a0 nmethod 6950 0x0000019e3bc1a510 code [0x0000019e3bc1a6a0, 0x0000019e3bc1a800]
Event: 36.648 Thread 0x0000019e4dd259a0 6951       2       org.hibernate.internal.SessionFactoryImpl::isClosed (16 bytes)
Event: 36.648 Thread 0x0000019e4dd259a0 nmethod 6951 0x0000019e3b996a10 code [0x0000019e3b996ba0, 0x0000019e3b996cc8]
Event: 36.648 Thread 0x0000019e4dd259a0 6952       2       java.util.concurrent.atomic.AtomicReference::lazySet (9 bytes)
Event: 36.649 Thread 0x0000019e4dd259a0 nmethod 6952 0x0000019e3b996310 code [0x0000019e3b9964e0, 0x0000019e3b996838]
Event: 36.649 Thread 0x0000019e4dd259a0 6953       2       org.springframework.util.ConcurrentLruCache$ReadOperations::recordRead (71 bytes)
Event: 36.650 Thread 0x0000019e4dd259a0 nmethod 6953 0x0000019e3bc21b10 code [0x0000019e3bc21d60, 0x0000019e3bc22580]
Event: 36.650 Thread 0x0000019e4dd259a0 6954       2       org.springframework.util.ConcurrentReferenceHashMap::<init> (173 bytes)
Event: 36.652 Thread 0x0000019e4dd259a0 nmethod 6954 0x0000019e3bbf2a90 code [0x0000019e3bbf2ca0, 0x0000019e3bbf35d8]

GC Heap History (20 events):
Event: 25.349 GC heap after
{Heap after GC invocations=11 (full 0):
 garbage-first heap   total 48128K, used 21050K [0x00000000c2000000, 0x0000000100000000)
  region size 1024K, 2 young (2048K), 2 survivors (2048K)
 Metaspace       used 42245K, committed 42752K, reserved 1114112K
  class space    used 5439K, committed 5632K, reserved 1048576K
}
Event: 26.979 GC heap before
{Heap before GC invocations=11 (full 0):
 garbage-first heap   total 48128K, used 40506K [0x00000000c2000000, 0x0000000100000000)
  region size 1024K, 21 young (21504K), 2 survivors (2048K)
 Metaspace       used 47895K, committed 48384K, reserved 1114112K
  class space    used 6226K, committed 6400K, reserved 1048576K
}
Event: 26.993 GC heap after
{Heap after GC invocations=12 (full 0):
 garbage-first heap   total 48128K, used 22396K [0x00000000c2000000, 0x0000000100000000)
  region size 1024K, 2 young (2048K), 2 survivors (2048K)
 Metaspace       used 47895K, committed 48384K, reserved 1114112K
  class space    used 6226K, committed 6400K, reserved 1048576K
}
Event: 28.079 GC heap before
{Heap before GC invocations=12 (full 0):
 garbage-first heap   total 48128K, used 40828K [0x00000000c2000000, 0x0000000100000000)
  region size 1024K, 20 young (20480K), 2 survivors (2048K)
 Metaspace       used 50732K, committed 51200K, reserved 1114112K
  class space    used 6712K, committed 6912K, reserved 1048576K
}
Event: 28.084 GC heap after
{Heap after GC invocations=13 (full 0):
 garbage-first heap   total 48128K, used 22769K [0x00000000c2000000, 0x0000000100000000)
  region size 1024K, 2 young (2048K), 2 survivors (2048K)
 Metaspace       used 50732K, committed 51200K, reserved 1114112K
  class space    used 6712K, committed 6912K, reserved 1048576K
}
Event: 29.458 GC heap before
{Heap before GC invocations=13 (full 0):
 garbage-first heap   total 48128K, used 42225K [0x00000000c2000000, 0x0000000100000000)
  region size 1024K, 21 young (21504K), 2 survivors (2048K)
 Metaspace       used 53750K, committed 54272K, reserved 1114112K
  class space    used 7115K, committed 7360K, reserved 1048576K
}
Event: 29.466 GC heap after
{Heap after GC invocations=14 (full 0):
 garbage-first heap   total 48128K, used 23455K [0x00000000c2000000, 0x0000000100000000)
  region size 1024K, 2 young (2048K), 2 survivors (2048K)
 Metaspace       used 53750K, committed 54272K, reserved 1114112K
  class space    used 7115K, committed 7360K, reserved 1048576K
}
Event: 34.691 GC heap before
{Heap before GC invocations=14 (full 0):
 garbage-first heap   total 48128K, used 41887K [0x00000000c2000000, 0x0000000100000000)
  region size 1024K, 20 young (20480K), 2 survivors (2048K)
 Metaspace       used 57766K, committed 58368K, reserved 1114112K
  class space    used 7607K, committed 7872K, reserved 1048576K
}
Event: 34.703 GC heap after
{Heap after GC invocations=15 (full 0):
 garbage-first heap   total 48128K, used 25172K [0x00000000c2000000, 0x0000000100000000)
  region size 1024K, 3 young (3072K), 3 survivors (3072K)
 Metaspace       used 57766K, committed 58368K, reserved 1114112K
  class space    used 7607K, committed 7872K, reserved 1048576K
}
Event: 35.266 GC heap before
{Heap before GC invocations=16 (full 0):
 garbage-first heap   total 48128K, used 41556K [0x00000000c2000000, 0x0000000100000000)
  region size 1024K, 19 young (19456K), 3 survivors (3072K)
 Metaspace       used 59903K, committed 60480K, reserved 1114112K
  class space    used 8050K, committed 8320K, reserved 1048576K
}
Event: 35.279 GC heap after
{Heap after GC invocations=17 (full 0):
 garbage-first heap   total 48128K, used 26413K [0x00000000c2000000, 0x0000000100000000)
  region size 1024K, 2 young (2048K), 2 survivors (2048K)
 Metaspace       used 59903K, committed 60480K, reserved 1114112K
  class space    used 8050K, committed 8320K, reserved 1048576K
}
Event: 35.607 GC heap before
{Heap before GC invocations=17 (full 0):
 garbage-first heap   total 48128K, used 41773K [0x00000000c2000000, 0x0000000100000000)
  region size 1024K, 17 young (17408K), 2 survivors (2048K)
 Metaspace       used 61918K, committed 62464K, reserved 1114112K
  class space    used 8476K, committed 8704K, reserved 1048576K
}
Event: 35.619 GC heap after
{Heap after GC invocations=18 (full 0):
 garbage-first heap   total 48128K, used 27503K [0x00000000c2000000, 0x0000000100000000)
  region size 1024K, 3 young (3072K), 3 survivors (3072K)
 Metaspace       used 61918K, committed 62464K, reserved 1114112K
  class space    used 8476K, committed 8704K, reserved 1048576K
}
Event: 35.924 GC heap before
{Heap before GC invocations=18 (full 0):
 garbage-first heap   total 48128K, used 41839K [0x00000000c2000000, 0x0000000100000000)
  region size 1024K, 17 young (17408K), 3 survivors (3072K)
 Metaspace       used 63376K, committed 63872K, reserved 1114112K
  class space    used 8665K, committed 8896K, reserved 1048576K
}
Event: 35.935 GC heap after
{Heap after GC invocations=19 (full 0):
 garbage-first heap   total 48128K, used 28461K [0x00000000c2000000, 0x0000000100000000)
  region size 1024K, 3 young (3072K), 3 survivors (3072K)
 Metaspace       used 63376K, committed 63872K, reserved 1114112K
  class space    used 8665K, committed 8896K, reserved 1048576K
}
Event: 36.060 GC heap before
{Heap before GC invocations=20 (full 0):
 garbage-first heap   total 63488K, used 39725K [0x00000000c2000000, 0x0000000100000000)
  region size 1024K, 14 young (14336K), 3 survivors (3072K)
 Metaspace       used 63388K, committed 63936K, reserved 1114112K
  class space    used 8666K, committed 8896K, reserved 1048576K
}
Event: 36.067 GC heap after
{Heap after GC invocations=21 (full 0):
 garbage-first heap   total 63488K, used 28939K [0x00000000c2000000, 0x0000000100000000)
  region size 1024K, 2 young (2048K), 2 survivors (2048K)
 Metaspace       used 63388K, committed 63936K, reserved 1114112K
  class space    used 8666K, committed 8896K, reserved 1048576K
}
Event: 36.302 GC heap before
{Heap before GC invocations=21 (full 0):
 garbage-first heap   total 63488K, used 56587K [0x00000000c2000000, 0x0000000100000000)
  region size 1024K, 29 young (29696K), 2 survivors (2048K)
 Metaspace       used 63389K, committed 63936K, reserved 1114112K
  class space    used 8666K, committed 8896K, reserved 1048576K
}
Event: 36.311 GC heap after
{Heap after GC invocations=22 (full 0):
 garbage-first heap   total 63488K, used 29909K [0x00000000c2000000, 0x0000000100000000)
  region size 1024K, 3 young (3072K), 3 survivors (3072K)
 Metaspace       used 63389K, committed 63936K, reserved 1114112K
  class space    used 8666K, committed 8896K, reserved 1048576K
}
Event: 36.653 GC heap before
{Heap before GC invocations=22 (full 0):
 garbage-first heap   total 63488K, used 55509K [0x00000000c2000000, 0x0000000100000000)
  region size 1024K, 28 young (28672K), 3 survivors (3072K)
 Metaspace       used 63719K, committed 64320K, reserved 1114112K
  class space    used 8702K, committed 8960K, reserved 1048576K
}

Dll operation events (12 events):
Event: 0.245 Loaded shared library C:\Users\Hp\.jdks\openjdk-20.0.1\bin\java.dll
Event: 0.260 Loaded shared library C:\Users\Hp\.jdks\openjdk-20.0.1\bin\jsvml.dll
Event: 0.876 Loaded shared library C:\Users\Hp\.jdks\openjdk-20.0.1\bin\zip.dll
Event: 0.882 Loaded shared library C:\Users\Hp\.jdks\openjdk-20.0.1\bin\instrument.dll
Event: 0.899 Loaded shared library C:\Users\Hp\.jdks\openjdk-20.0.1\bin\net.dll
Event: 0.940 Loaded shared library C:\Users\Hp\.jdks\openjdk-20.0.1\bin\nio.dll
Event: 0.976 Loaded shared library C:\Users\Hp\.jdks\openjdk-20.0.1\bin\zip.dll
Event: 1.038 Loaded shared library C:\Program Files\JetBrains\IntelliJ IDEA 2023.1.4\bin\breakgen64.dll
Event: 1.169 Loaded shared library C:\Users\Hp\.jdks\openjdk-20.0.1\bin\extnet.dll
Event: 1.498 Loaded shared library C:\Users\Hp\.jdks\openjdk-20.0.1\bin\jimage.dll
Event: 21.708 Loaded shared library C:\Users\Hp\.jdks\openjdk-20.0.1\bin\verify.dll
Event: 23.144 Loaded shared library C:\Users\Hp\.jdks\openjdk-20.0.1\bin\sunmscapi.dll

Deoptimization events (20 events):
Event: 36.450 Thread 0x0000019e3329f060 DEOPT PACKING pc=0x0000019e430f88f4 sp=0x000000186c6fada0
Event: 36.450 Thread 0x0000019e3329f060 DEOPT UNPACKING pc=0x0000019e428d9d22 sp=0x000000186c6fac60 mode 2
Event: 36.450 Thread 0x0000019e3329f060 Uncommon trap: trap_request=0xffffffd6 fr.pc=0x0000019e430f88f4 relative=0x0000000000006e94
Event: 36.450 Thread 0x0000019e3329f060 Uncommon trap: reason=array_check action=maybe_recompile pc=0x0000019e430f88f4 method=org.antlr.v4.runtime.misc.Array2DHashSet.getOrAddImpl(Ljava/lang/Object;)Ljava/lang/Object; @ 36 c2
Event: 36.450 Thread 0x0000019e3329f060 DEOPT PACKING pc=0x0000019e430f88f4 sp=0x000000186c6fa300
Event: 36.450 Thread 0x0000019e3329f060 DEOPT UNPACKING pc=0x0000019e428d9d22 sp=0x000000186c6fa1c0 mode 2
Event: 36.450 Thread 0x0000019e3329f060 Uncommon trap: trap_request=0xffffffd6 fr.pc=0x0000019e430f88f4 relative=0x0000000000006e94
Event: 36.450 Thread 0x0000019e3329f060 Uncommon trap: reason=array_check action=maybe_recompile pc=0x0000019e430f88f4 method=org.antlr.v4.runtime.misc.Array2DHashSet.getOrAddImpl(Ljava/lang/Object;)Ljava/lang/Object; @ 36 c2
Event: 36.450 Thread 0x0000019e3329f060 DEOPT PACKING pc=0x0000019e430f88f4 sp=0x000000186c6fa300
Event: 36.450 Thread 0x0000019e3329f060 DEOPT UNPACKING pc=0x0000019e428d9d22 sp=0x000000186c6fa1c0 mode 2
Event: 36.451 Thread 0x0000019e3329f060 Uncommon trap: trap_request=0xffffffd6 fr.pc=0x0000019e430f907c relative=0x000000000000761c
Event: 36.451 Thread 0x0000019e3329f060 Uncommon trap: reason=array_check action=maybe_recompile pc=0x0000019e430f907c method=org.antlr.v4.runtime.misc.Array2DHashSet.getOrAddImpl(Ljava/lang/Object;)Ljava/lang/Object; @ 36 c2
Event: 36.451 Thread 0x0000019e3329f060 DEOPT PACKING pc=0x0000019e430f907c sp=0x000000186c6fab10
Event: 36.451 Thread 0x0000019e3329f060 DEOPT UNPACKING pc=0x0000019e428d9d22 sp=0x000000186c6fa848 mode 2
Event: 36.460 Thread 0x0000019e3329f060 Uncommon trap: trap_request=0xffffffd6 fr.pc=0x0000019e42ea0b78 relative=0x0000000000001318
Event: 36.460 Thread 0x0000019e3329f060 Uncommon trap: reason=array_check action=maybe_recompile pc=0x0000019e42ea0b78 method=org.antlr.v4.runtime.misc.Array2DHashSet.getOrAddImpl(Ljava/lang/Object;)Ljava/lang/Object; @ 36 c2
Event: 36.460 Thread 0x0000019e3329f060 DEOPT PACKING pc=0x0000019e42ea0b78 sp=0x000000186c6fa540
Event: 36.460 Thread 0x0000019e3329f060 DEOPT UNPACKING pc=0x0000019e428d9d22 sp=0x000000186c6fa500 mode 2
Event: 36.614 Thread 0x0000019e3329f060 DEOPT PACKING pc=0x0000019e3b44d3cd sp=0x000000186c6fadf0
Event: 36.614 Thread 0x0000019e3329f060 DEOPT UNPACKING pc=0x0000019e428da4c2 sp=0x000000186c6fa2e8 mode 0

Classes loaded (20 events):
Event: 34.836 Loading class java/util/WeakHashMap$EntrySet
Event: 34.836 Loading class java/util/WeakHashMap$EntrySet done
Event: 34.837 Loading class java/util/WeakHashMap$EntryIterator
Event: 34.837 Loading class java/util/WeakHashMap$EntryIterator done
Event: 34.914 Loading class java/lang/Package$1PackageInfoProxy
Event: 34.916 Loading class java/lang/Package$1PackageInfoProxy done
Event: 35.044 Loading class java/util/stream/ReduceOps$5
Event: 35.045 Loading class java/util/stream/ReduceOps$5 done
Event: 35.045 Loading class java/util/stream/ReduceOps$CountingSink$OfRef
Event: 35.045 Loading class java/util/stream/ReduceOps$CountingSink
Event: 35.045 Loading class java/util/stream/ReduceOps$CountingSink done
Event: 35.045 Loading class java/util/stream/ReduceOps$CountingSink$OfRef done
Event: 35.090 Loading class java/lang/Character$UnicodeBlock
Event: 35.091 Loading class java/lang/Character$Subset
Event: 35.091 Loading class java/lang/Character$Subset done
Event: 35.092 Loading class java/lang/Character$UnicodeBlock done
Event: 35.100 Loading class java/util/regex/Pattern$Behind
Event: 35.100 Loading class java/util/regex/Pattern$Behind done
Event: 35.161 Loading class java/util/regex/Pattern$Bound
Event: 35.161 Loading class java/util/regex/Pattern$Bound done

Classes unloaded (0 events):
No events

Classes redefined (0 events):
No events

Internal exceptions (20 events):
Event: 29.363 Thread 0x0000019e3329f060 Exception <a 'java/lang/NoSuchMethodError'{0x00000000c3ff6f00}: 'java.lang.Object java.lang.invoke.DirectMethodHandle$Holder.newInvokeSpecial(java.lang.Object, java.lang.Object, int, java.lang.Object)'> (0x00000000c3ff6f00) 
thrown [s\open\src\hotspot\share\interpreter\linkResolver.cpp, line 773]
Event: 29.363 Thread 0x0000019e3329f060 Exception <a 'java/lang/NoSuchMethodError'{0x00000000c3ffb070}: 'java.lang.Object java.lang.invoke.Invokers$Holder.linkToTargetMethod(java.lang.Object, int, java.lang.Object, java.lang.Object)'> (0x00000000c3ffb070) 
thrown [s\open\src\hotspot\share\interpreter\linkResolver.cpp, line 773]
Event: 29.421 Thread 0x0000019e3329f060 Exception <a 'java/lang/NoSuchMethodError'{0x00000000c3db6208}: 'int java.lang.invoke.DirectMethodHandle$Holder.invokeStatic(java.lang.Object, int, java.lang.Object)'> (0x00000000c3db6208) 
thrown [s\open\src\hotspot\share\interpreter\linkResolver.cpp, line 773]
Event: 29.424 Thread 0x0000019e3329f060 Exception <a 'java/lang/NoSuchMethodError'{0x00000000c3dd2d90}: 'java.lang.Object java.lang.invoke.DirectMethodHandle$Holder.newInvokeSpecial(java.lang.Object, java.lang.Object, java.lang.Object, java.lang.Object, java.lang.Object, int)'> (0x00000000c3dd2d90) 
thrown [s\open\src\hotspot\share\interpreter\linkResolver.cpp, line 773]
Event: 29.424 Thread 0x0000019e3329f060 Exception <a 'java/lang/NoSuchMethodError'{0x00000000c3dd73f0}: 'java.lang.Object java.lang.invoke.Invokers$Holder.linkToTargetMethod(java.lang.Object, java.lang.Object, java.lang.Object, java.lang.Object, int, java.lang.Object)'> (0x00000000c3dd73f0) 
thrown [s\open\src\hotspot\share\interpreter\linkResolver.cpp, line 773]
Event: 29.491 Thread 0x0000019e3329f060 Exception <a 'java/lang/NoSuchMethodError'{0x00000000c53a7f38}: 'java.lang.Object java.lang.invoke.DirectMethodHandle$Holder.newInvokeSpecial(java.lang.Object, java.lang.Object, java.lang.Object, java.lang.Object, java.lang.Object, java.lang.Object, java.lang.Object, int)'> (0x00000000c53a7f38) 
thrown [s\open\src\hotspot\share\interpreter\linkResolver.cpp, line 773]
Event: 29.491 Thread 0x0000019e3329f060 Exception <a 'java/lang/NoSuchMethodError'{0x00000000c53acca8}: 'java.lang.Object java.lang.invoke.DirectMethodHandle$Holder.invokeSpecial(java.lang.Object, java.lang.Object, java.lang.Object, java.lang.Object, java.lang.Object, java.lang.Object, java.lang.Object, java.lang.Object, int)'> (0x00000000c53acca8) 
thrown [s\open\src\hotspot\share\interpreter\linkResolver.cpp, line 773]
Event: 29.525 Thread 0x0000019e3329f060 Exception <a 'java/lang/NoSuchMethodError'{0x00000000c52b2418}: 'java.lang.Object java.lang.invoke.DirectMethodHandle$Holder.newInvokeSpecial(java.lang.Object, java.lang.Object, int, java.lang.Object, int, java.lang.Object, java.lang.Object)'> (0x00000000c52b2418) 
thrown [s\open\src\hotspot\share\interpreter\linkResolver.cpp, line 773]
Event: 29.534 Thread 0x0000019e3329f060 Exception <a 'java/lang/IncompatibleClassChangeError'{0x00000000c52facc0}: Found class java.lang.Object, but interface was expected> (0x00000000c52facc0) 
thrown [s\open\src\hotspot\share\interpreter\linkResolver.cpp, line 840]
Event: 33.989 Thread 0x0000019e3329f060 Exception <a 'java/lang/NoSuchMethodError'{0x00000000c45650d0}: 'void java.lang.invoke.Invokers$Holder.invokeExact_MT(java.lang.Object, java.lang.Object, java.lang.Object, java.lang.Object)'> (0x00000000c45650d0) 
thrown [s\open\src\hotspot\share\interpreter\linkResolver.cpp, line 773]
Event: 34.131 Thread 0x0000019e3329f060 Implicit null exception at 0x0000019e4305a4a5 to 0x0000019e4305a4d0
Event: 34.330 Thread 0x0000019e3329f060 Exception <a 'java/lang/IncompatibleClassChangeError'{0x00000000c42d3c18}: Found class java.lang.Object, but interface was expected> (0x00000000c42d3c18) 
thrown [s\open\src\hotspot\share\interpreter\linkResolver.cpp, line 840]
Event: 34.363 Thread 0x0000019e3329f060 Implicit null exception at 0x0000019e42f8534b to 0x0000019e42f85584
Event: 34.484 Thread 0x0000019e3329f060 Exception <a 'java/lang/IncompatibleClassChangeError'{0x00000000c40345d8}: Found class java.lang.Object, but interface was expected> (0x00000000c40345d8) 
thrown [s\open\src\hotspot\share\interpreter\linkResolver.cpp, line 840]
Event: 34.594 Thread 0x0000019e3329f060 Exception <a 'java/lang/IncompatibleClassChangeError'{0x00000000c3fa7988}: Found class java.lang.Object, but interface was expected> (0x00000000c3fa7988) 
thrown [s\open\src\hotspot\share\interpreter\linkResolver.cpp, line 840]
Event: 34.606 Thread 0x0000019e3329f060 Exception <a 'java/lang/NoSuchMethodError'{0x00000000c3ffc3a0}: 'java.lang.Object java.lang.invoke.DirectMethodHandle$Holder.invokeSpecialIFC(java.lang.Object, java.lang.Object, java.lang.Object)'> (0x00000000c3ffc3a0) 
thrown [s\open\src\hotspot\share\interpreter\linkResolver.cpp, line 773]
Event: 34.898 Thread 0x0000019e3329f060 Exception <a 'java/lang/IncompatibleClassChangeError'{0x00000000c4a64f78}: Found class java.lang.Object, but interface was expected> (0x00000000c4a64f78) 
thrown [s\open\src\hotspot\share\interpreter\linkResolver.cpp, line 840]
Event: 35.106 Thread 0x0000019e3329f060 Exception <a 'java/lang/NoSuchMethodError'{0x00000000c420a558}: 'java.lang.Object java.lang.invoke.Invokers$Holder.invoke_MT(java.lang.Object, java.lang.Object, java.lang.Object, java.lang.Object, java.lang.Object, java.lang.Object, java.lang.Object, java.lang.Object, java.lang.Object)'> (0x00000000c420a558) 
thrown [s\open\src\hotspot\share\interpreter\linkResolver.cpp, line 773]
Event: 35.112 Thread 0x0000019e3329f060 Exception <a 'java/lang/IncompatibleClassChangeError'{0x00000000c42352a8}: Found class java.lang.Object, but interface was expected> (0x00000000c42352a8) 
thrown [s\open\src\hotspot\share\interpreter\linkResolver.cpp, line 840]
Event: 35.667 Thread 0x0000019e3329f060 Exception <a 'java/lang/NoSuchMethodError'{0x00000000c51fed30}: 'int java.lang.invoke.DirectMethodHandle$Holder.invokeStatic(java.lang.Object)'> (0x00000000c51fed30) 
thrown [s\open\src\hotspot\share\interpreter\linkResolver.cpp, line 773]

VM Operations (20 events):
Event: 34.814 Executing VM operation: HandshakeAllThreads done
Event: 34.990 Executing VM operation: HandshakeAllThreads
Event: 34.990 Executing VM operation: HandshakeAllThreads done
Event: 35.266 Executing VM operation: G1CollectForAllocation
Event: 35.279 Executing VM operation: G1CollectForAllocation done
Event: 35.377 Executing VM operation: HandshakeAllThreads
Event: 35.378 Executing VM operation: HandshakeAllThreads done
Event: 35.607 Executing VM operation: G1CollectForAllocation
Event: 35.619 Executing VM operation: G1CollectForAllocation done
Event: 35.924 Executing VM operation: G1CollectForAllocation
Event: 35.935 Executing VM operation: G1CollectForAllocation done
Event: 36.003 Executing VM operation: G1PauseRemark
Event: 36.012 Executing VM operation: G1PauseRemark done
Event: 36.047 Executing VM operation: G1PauseCleanup
Event: 36.047 Executing VM operation: G1PauseCleanup done
Event: 36.060 Executing VM operation: G1CollectForAllocation
Event: 36.067 Executing VM operation: G1CollectForAllocation done
Event: 36.302 Executing VM operation: G1CollectForAllocation
Event: 36.311 Executing VM operation: G1CollectForAllocation done
Event: 36.653 Executing VM operation: G1CollectForAllocation

Events (20 events):
Event: 36.011 Thread 0x0000019e4dcf09f0 flushing nmethod 0x0000019e42ff3410
Event: 36.011 Thread 0x0000019e4dcf09f0 flushing nmethod 0x0000019e42ff2990
Event: 36.011 Thread 0x0000019e4dcf09f0 flushing nmethod 0x0000019e42f93490
Event: 36.011 Thread 0x0000019e4dcf09f0 flushing nmethod 0x0000019e42fe1e90
Event: 36.011 Thread 0x0000019e4dcf09f0 flushing nmethod 0x0000019e42fd7790
Event: 36.011 Thread 0x0000019e4dcf09f0 flushing nmethod 0x0000019e42fbdb90
Event: 36.011 Thread 0x0000019e4dcf09f0 flushing nmethod 0x0000019e42fb8090
Event: 36.011 Thread 0x0000019e4dcf09f0 flushing nmethod 0x0000019e42fb7290
Event: 36.011 Thread 0x0000019e4dcf09f0 flushing nmethod 0x0000019e42fa1a10
Event: 36.011 Thread 0x0000019e4dcf09f0 flushing nmethod 0x0000019e42f9f990
Event: 36.011 Thread 0x0000019e4dcf09f0 flushing nmethod 0x0000019e42f7cc10
Event: 36.011 Thread 0x0000019e4dcf09f0 flushing nmethod 0x0000019e42f85190
Event: 36.011 Thread 0x0000019e4dcf09f0 flushing nmethod 0x0000019e42f11a90
Event: 36.011 Thread 0x0000019e4dcf09f0 flushing nmethod 0x0000019e42eff690
Event: 36.011 Thread 0x0000019e4dcf09f0 flushing nmethod 0x0000019e42ee8e10
Event: 36.011 Thread 0x0000019e4dcf09f0 flushing nmethod 0x0000019e42ed4590
Event: 36.011 Thread 0x0000019e4dcf09f0 flushing nmethod 0x0000019e42e75f10
Event: 36.011 Thread 0x0000019e4dcf09f0 flushing nmethod 0x0000019e42e68d10
Event: 36.011 Thread 0x0000019e4dcf09f0 flushing nmethod 0x0000019e42e72d10
Event: 36.011 Thread 0x0000019e4dcf09f0 flushing nmethod 0x0000019e42e34790


Dynamic libraries:
0x00007ff71fa00000 - 0x00007ff71fa0e000 	C:\Users\Hp\.jdks\openjdk-20.0.1\bin\java.exe
0x00007ffb24cf0000 - 0x00007ffb24f04000 	C:\WINDOWS\SYSTEM32\ntdll.dll
0x00007ffb233e0000 - 0x00007ffb234a4000 	C:\WINDOWS\System32\KERNEL32.DLL
0x00007ffb224f0000 - 0x00007ffb22894000 	C:\WINDOWS\System32\KERNELBASE.dll
0x00007ffb223d0000 - 0x00007ffb224e1000 	C:\WINDOWS\System32\ucrtbase.dll
0x00007ffb0b760000 - 0x00007ffb0b777000 	C:\Users\Hp\.jdks\openjdk-20.0.1\bin\jli.dll
0x00007ffb23b90000 - 0x00007ffb23d3e000 	C:\WINDOWS\System32\USER32.dll
0x00007ffb223a0000 - 0x00007ffb223c6000 	C:\WINDOWS\System32\win32u.dll
0x00007ffb246e0000 - 0x00007ffb24709000 	C:\WINDOWS\System32\GDI32.dll
0x00007ffb22280000 - 0x00007ffb22398000 	C:\WINDOWS\System32\gdi32full.dll
0x00007ffb228a0000 - 0x00007ffb2293a000 	C:\WINDOWS\System32\msvcp_win.dll
0x00007ffb0b740000 - 0x00007ffb0b75b000 	C:\Users\Hp\.jdks\openjdk-20.0.1\bin\VCRUNTIME140.dll
0x00007ffb05930000 - 0x00007ffb05bc3000 	C:\WINDOWS\WinSxS\amd64_microsoft.windows.common-controls_6595b64144ccf1df_6.0.22621.2215_none_270d72677387dfc3\COMCTL32.dll
0x00007ffb239e0000 - 0x00007ffb23a87000 	C:\WINDOWS\System32\msvcrt.dll
0x00007ffb245f0000 - 0x00007ffb24621000 	C:\WINDOWS\System32\IMM32.DLL
0x00007ffb1bd50000 - 0x00007ffb1bd5c000 	C:\Users\Hp\.jdks\openjdk-20.0.1\bin\vcruntime140_1.dll
0x00007ffb0aea0000 - 0x00007ffb0af2e000 	C:\Users\Hp\.jdks\openjdk-20.0.1\bin\msvcp140.dll
0x00007ffac1380000 - 0x00007ffac2017000 	C:\Users\Hp\.jdks\openjdk-20.0.1\bin\server\jvm.dll
0x00007ffb24630000 - 0x00007ffb246e0000 	C:\WINDOWS\System32\ADVAPI32.dll
0x00007ffb23100000 - 0x00007ffb231a6000 	C:\WINDOWS\System32\sechost.dll
0x00007ffb24b20000 - 0x00007ffb24c37000 	C:\WINDOWS\System32\RPCRT4.dll
0x00007ffb097b0000 - 0x00007ffb097b9000 	C:\WINDOWS\SYSTEM32\WSOCK32.dll
0x00007ffb248a0000 - 0x00007ffb24911000 	C:\WINDOWS\System32\WS2_32.dll
0x00007ffb1b250000 - 0x00007ffb1b284000 	C:\WINDOWS\SYSTEM32\WINMM.dll
0x00007ffb18ef0000 - 0x00007ffb18efa000 	C:\WINDOWS\SYSTEM32\VERSION.dll
0x00007ffb21190000 - 0x00007ffb211a8000 	C:\WINDOWS\SYSTEM32\kernel.appcore.dll
0x00007ffb0b700000 - 0x00007ffb0b70a000 	C:\Users\Hp\.jdks\openjdk-20.0.1\bin\jimage.dll
0x00007ffb1fc80000 - 0x00007ffb1feae000 	C:\WINDOWS\SYSTEM32\DBGHELP.DLL
0x00007ffb23650000 - 0x00007ffb239da000 	C:\WINDOWS\System32\combase.dll
0x00007ffb247a0000 - 0x00007ffb24877000 	C:\WINDOWS\System32\OLEAUT32.dll
0x00007ffb05080000 - 0x00007ffb050b2000 	C:\WINDOWS\SYSTEM32\dbgcore.DLL
0x00007ffb22a00000 - 0x00007ffb22a7a000 	C:\WINDOWS\System32\bcryptPrimitives.dll
0x00007ffb1e460000 - 0x00007ffb1e46e000 	C:\Users\Hp\.jdks\openjdk-20.0.1\bin\instrument.dll
0x00007ffb0b6d0000 - 0x00007ffb0b6f6000 	C:\Users\Hp\.jdks\openjdk-20.0.1\bin\java.dll
0x00007ffb0adc0000 - 0x00007ffb0ae97000 	C:\Users\Hp\.jdks\openjdk-20.0.1\bin\jsvml.dll
0x00007ffb23d40000 - 0x00007ffb24563000 	C:\WINDOWS\System32\SHELL32.dll
0x00007ffb20030000 - 0x00007ffb2091a000 	C:\WINDOWS\SYSTEM32\windows.storage.dll
0x00007ffb1feb0000 - 0x00007ffb1ffee000 	C:\WINDOWS\SYSTEM32\wintypes.dll
0x00007ffb24920000 - 0x00007ffb24a13000 	C:\WINDOWS\System32\SHCORE.dll
0x00007ffb24ab0000 - 0x00007ffb24b0e000 	C:\WINDOWS\System32\shlwapi.dll
0x00007ffb21fd0000 - 0x00007ffb21ff6000 	C:\WINDOWS\SYSTEM32\profapi.dll
0x00007ffb0b4b0000 - 0x00007ffb0b4c8000 	C:\Users\Hp\.jdks\openjdk-20.0.1\bin\zip.dll
0x00007ffb0b4f0000 - 0x00007ffb0b503000 	C:\Users\Hp\.jdks\openjdk-20.0.1\bin\net.dll
0x00007ffb1a850000 - 0x00007ffb1a987000 	C:\WINDOWS\SYSTEM32\WINHTTP.dll
0x00007ffb21660000 - 0x00007ffb216c9000 	C:\WINDOWS\system32\mswsock.dll
0x00007ffb0b4d0000 - 0x00007ffb0b4e6000 	C:\Users\Hp\.jdks\openjdk-20.0.1\bin\nio.dll
0x00007ffb1bf70000 - 0x00007ffb1bf8a000 	C:\Program Files\JetBrains\IntelliJ IDEA 2023.1.4\bin\breakgen64.dll
0x00007ffb0b0b0000 - 0x00007ffb0b0b7000 	C:\Users\Hp\.jdks\openjdk-20.0.1\bin\extnet.dll
0x00007ffb218b0000 - 0x00007ffb218cb000 	C:\WINDOWS\SYSTEM32\CRYPTSP.dll
0x00007ffb21150000 - 0x00007ffb21185000 	C:\WINDOWS\system32\rsaenh.dll
0x00007ffb21750000 - 0x00007ffb2177c000 	C:\WINDOWS\SYSTEM32\USERENV.dll
0x00007ffb21a50000 - 0x00007ffb21a78000 	C:\WINDOWS\SYSTEM32\bcrypt.dll
0x00007ffb218d0000 - 0x00007ffb218dc000 	C:\WINDOWS\SYSTEM32\CRYPTBASE.dll
0x00007ffb20c00000 - 0x00007ffb20c2d000 	C:\WINDOWS\SYSTEM32\IPHLPAPI.DLL
0x00007ffb24710000 - 0x00007ffb24719000 	C:\WINDOWS\System32\NSI.dll
0x00007ffb19fd0000 - 0x00007ffb19fe9000 	C:\WINDOWS\SYSTEM32\dhcpcsvc6.DLL
0x00007ffb19fb0000 - 0x00007ffb19fcf000 	C:\WINDOWS\SYSTEM32\dhcpcsvc.DLL
0x00007ffb20c70000 - 0x00007ffb20d62000 	C:\WINDOWS\SYSTEM32\DNSAPI.dll
0x00007ffb0a400000 - 0x00007ffb0a410000 	C:\Users\Hp\.jdks\openjdk-20.0.1\bin\verify.dll
0x00007ffb0b920000 - 0x00007ffb0b92a000 	C:\Windows\System32\rasadhlp.dll
0x00007ffb188b0000 - 0x00007ffb18934000 	C:\WINDOWS\System32\fwpuclnt.dll
0x00007ffb0a360000 - 0x00007ffb0a36e000 	C:\Users\Hp\.jdks\openjdk-20.0.1\bin\sunmscapi.dll
0x00007ffb22110000 - 0x00007ffb22276000 	C:\WINDOWS\System32\CRYPT32.dll
0x00007ffb21a20000 - 0x00007ffb21a4e000 	C:\WINDOWS\SYSTEM32\ncrypt.dll
0x00007ffb219e0000 - 0x00007ffb21a17000 	C:\WINDOWS\SYSTEM32\NTASN1.dll

dbghelp: loaded successfully - version: 4.0.5 - missing functions: none
symbol engine: initialized successfully - sym options: 0x614 - pdb path: .;C:\Users\Hp\.jdks\openjdk-20.0.1\bin;C:\WINDOWS\SYSTEM32;C:\WINDOWS\WinSxS\amd64_microsoft.windows.common-controls_6595b64144ccf1df_6.0.22621.2215_none_270d72677387dfc3;C:\Users\Hp\.jdks\openjdk-20.0.1\bin\server;C:\Program Files\JetBrains\IntelliJ IDEA 2023.1.4\bin

VM Arguments:
jvm_args: -ea -Didea.test.cyclic.buffer.size=1048576 -javaagent:C:\Program Files\JetBrains\IntelliJ IDEA 2023.1.4\lib\idea_rt.jar=61154:C:\Program Files\JetBrains\IntelliJ IDEA 2023.1.4\bin -Dfile.encoding=UTF-8 -Dsun.stdout.encoding=UTF-8 -Dsun.stderr.encoding=UTF-8 
java_command: com.intellij.rt.junit.JUnitStarter -ideVersion5 -junit5 com.shopme.address.AddressRepositoryTests,testAddNew
java_class_path (initial): C:\Users\Hp\.m2\repository\org\junit\platform\junit-platform-launcher\1.9.3\junit-platform-launcher-1.9.3.jar;C:\Program Files\JetBrains\IntelliJ IDEA 2023.1.4\lib\idea_rt.jar;C:\Program Files\JetBrains\IntelliJ IDEA 2023.1.4\plugins\junit\lib\junit5-rt.jar;C:\Program Files\JetBrains\IntelliJ IDEA 2023.1.4\plugins\junit\lib\junit-rt.jar;D:\IntelliJ-workspace\ShopmeProject\ShopmeWebParent\ShopmeFrontEnd\target\test-classes;D:\IntelliJ-workspace\ShopmeProject\ShopmeWebParent\ShopmeFrontEnd\target\classes;C:\Users\Hp\.m2\repository\org\springframework\boot\spring-boot-starter-mail\3.1.2\spring-boot-starter-mail-3.1.2.jar;C:\Users\Hp\.m2\repository\org\springframework\boot\spring-boot-starter\3.1.2\spring-boot-starter-3.1.2.jar;C:\Users\Hp\.m2\repository\org\springframework\boot\spring-boot-starter-logging\3.1.2\spring-boot-starter-logging-3.1.2.jar;C:\Users\Hp\.m2\repository\ch\qos\logback\logback-classic\1.4.8\logback-classic-1.4.8.jar;C:\Users\Hp\.m2\repository\ch\qos\logback\logback-core\1.4.8\logback-core-1.4.8.jar;C:\Users\Hp\.m2\repository\org\apache\logging\log4j\log4j-to-slf4j\2.20.0\log4j-to-slf4j-2.20.0.jar;C:\Users\Hp\.m2\repository\org\apache\logging\log4j\log4j-api\2.20.0\log4j-api-2.20.0.jar;C:\Users\Hp\.m2\repository\org\slf4j\jul-to-slf4j\2.0.7\jul-to-slf4j-2.0.7.jar;C:\Users\Hp\.m2\repository\jakarta\annotation\jakarta.annotation-api\2.1.1\jakarta.annotation-api-2.1.1.jar;C:\Users\Hp\.m2\repository\org\yaml\snakeyaml\1.33\snakeyaml-1.33.jar;C:\Users\Hp\.m2\repository\org\springframework\spring-context-support\6.0.11\spring-context-support-6.0.11.jar;C:\Users\Hp\.m2\repository\org\springframework\spring-beans\6.0.11\spring-beans-6.0.11.jar;C:\Users\Hp\.m2\repository\org\springframework\spring-context\6.0.11\spring-context-6.0.11.jar;C:\Users\Hp\.m2\repository\org\eclipse\angus\jakarta.mail\1.1.0\jakarta.mail-1.1.0.jar;C:\Users\Hp\.m2\repository\jakarta\activation\jakarta.activation-api\2.1.2\jakarta.activation-api-2.1.2.jar;C:\Users\Hp\.m2\repository\org\eclipse\angus\angus-activation\2.0.1\angus-activation-2.0.1.jar;C:\Users\Hp\.m2\repository\org\springframework\boot\spring-boot-starter-oauth2-client\3.1.2\spring-boot-starter-oauth2-client-3.1.2.jar;C:\Users\Hp\.m2\repository\org\springframework\security\spring-security-config\6.1.2\spring-security-config-6.1.2.jar;C:\Users\Hp\.m2\repository\org\springframework\security\spring-security-core\6.1.2\spring-security-core-6.1.2.jar;C:\Users\Hp\.m2\repository\org\springframework\security\spring-security-crypto\6.1.2\spring-security-crypto-6.1.2.jar;C:\Users\Hp\.m2\repository\org\springframework\spring-expression\6.0.11\spring-expression-6.0.11.jar;C:\Users\Hp\.m2\repository\io\micrometer\micrometer-observation\1.11.2\micrometer-observation-1.11.2.jar;C:\Users\Hp\.m2\repository\io\micrometer\micrometer-commons\1.11.2\micrometer-commons-1.11.2.jar;C:\Users\Hp\.m2\repository\org\springframework\security\spring-security-oauth2-client\6.1.2\spring-security-oauth2-client-6.1.2.jar;C:\Users\Hp\.m2\repository\org\springframework\security\spring-security-oauth2-core\6.1.2\spring-security-oauth2-core-6.1.2.jar;C:\Users\Hp\.m2\repository\com\nimbusds\oauth2-oidc-sdk\9.43.3\oauth2-oidc-sdk-9.43.3.jar;C:\Users\Hp\.m2\repository\com\github\stephenc\jcip\jcip-annotations\1.0-1\jcip-annotations-1.0-1.jar;C:\Users\Hp\.m2\repository\com\nimbusds\content-type\2.2\content-type-2.2.jar;C:\Users\Hp\.m2\repository\com\nimbusds\lang-tag\1.7\lang-tag-1.7.jar;C:\Users\Hp\.m2\repository\org\springframework\security\spring-security-oauth2-jose\6.1.2\spring-security-oauth2-jose-6.1.2.jar;C:\Users\Hp\.m2\repository\com\nimbusds\nimbus-jose-jwt\9.31\nimbus-jose-jwt-9.31.jar;C:\Users\Hp\.m2\repository\org\springframework\boot\spring-boot-starter-web\3.1.2\spring-boot-starter-web-3.1.2.jar;C:\Users\Hp\.m2\repository\org\springframework\boot\spring-boot-starter-json\3.1.2\spring-boot-starter-json-3.1.2.jar;C:\Users\Hp\.m2\repository\com\fasterxml\jackson\core\jackson-databind\2.15.2\jackson-databind-2.15.2.jar;C:\Users\Hp\.m2\repository\com\fasterxml\jackson\core\jackson-annotations\2.15.2\jackson-annotations-2.15.2.jar;C:\Users\Hp\.m2\repository\com\fasterxml\jackson\datatype\jackson-datatype-jdk8\2.15.2\jackson-datatype-jdk8-2.15.2.jar;C:\Users\Hp\.m2\repository\com\fasterxml\jackson\datatype\jackson-datatype-jsr310\2.15.2\jackson-datatype-jsr310-2.15.2.jar;C:\Users\Hp\.m2\repository\com\fasterxml\jackson\module\jackson-module-parameter-names\2.15.2\jackson-module-parameter-names-2.15.2.jar;C:\Users\Hp\.m2\repository\org\springframework\boot\spring-boot-starter-tomcat\3.1.2\spring-boot-starter-tomcat-3.1.2.jar;C:\Users\Hp\.m2\repository\org\apache\tomcat\embed\tomcat-embed-core\10.1.11\tomcat-embed-core-10.1.11.jar;C:\Users\Hp\.m2\repository\org\apache\tomcat\embed\tomcat-embed-el\10.1.11\tomcat-embed-el-10.1.11.jar;C:\Users\Hp\.m2\repository\org\apache\tomcat\embed\tomcat-embed-websocket\10.1.11\tomcat-embed-websocket-10.1.11.jar;C:\Users\Hp\.m2\repository\org\springframework\spring-web\6.0.11\spring-web-6.0.11.jar;C:\Users\Hp\.m2\repository\org\springframework\spring-webmvc\6.0.11\spring-webmvc-6.0.11.jar;C:\Users\Hp\.m2\repository\org\springframework\boot\spring-boot-starter-security\3.1.2\spring-boot-starter-security-3.1.2.jar;C:\Users\Hp\.m2\repository\org\springframework\spring-aop\6.0.11\spring-aop-6.0.11.jar;C:\Users\Hp\.m2\repository\org\springframework\security\spring-security-web\6.1.2\spring-security-web-6.1.2.jar;C:\Users\Hp\.m2\repository\org\springframework\boot\spring-boot-devtools\3.1.2\spring-boot-devtools-3.1.2.jar;C:\Users\Hp\.m2\repository\org\springframework\boot\spring-boot\3.1.2\spring-boot-3.1.2.jar;C:\Users\Hp\.m2\repository\org\springframework\boot\spring-boot-autoconfigure\3.1.2\spring-boot-autoconfigure-3.1.2.jar;C:\Users\Hp\.m2\repository\org\springframework\boot\spring-boot-starter-thymeleaf\3.1.2\spring-boot-starter-thymeleaf-3.1.2.jar;C:\Users\Hp\.m2\repository\org\thymeleaf\thymeleaf-spring6\3.1.1.RELEASE\thymeleaf-spring6-3.1.1.RELEASE.jar;C:\Users\Hp\.m2\repository\org\thymeleaf\thymeleaf\3.1.1.RELEASE\thymeleaf-3.1.1.RELEASE.jar;C:\Users\Hp\.m2\repository\org\attoparser\attoparser\2.0.6.RELEASE\attoparser-2.0.6.RELEASE.jar;C:\Users\Hp\.m2\repository\org\unbescape\unbescape\1.1.6.RELEASE\unbescape-1.1.6.RELEASE.jar;C:\Users\Hp\.m2\repository\com\mysql\mysql-connector-j\8.0.33\mysql-connector-j-8.0.33.jar;C:\Users\Hp\.m2\repository\org\springframework\boot\spring-boot-starter-data-jpa\3.1.2\spring-boot-starter-data-jpa-3.1.2.jar;C:\Users\Hp\.m2\repository\org\springframework\boot\spring-boot-starter-aop\3.1.2\spring-boot-starter-aop-3.1.2.jar;C:\Users\Hp\.m2\repository\org\aspectj\aspectjweaver\1.9.19\aspectjweaver-1.9.19.jar;C:\Users\Hp\.m2\repository\org\springframework\boot\spring-boot-starter-jdbc\3.1.2\spring-boot-starter-jdbc-3.1.2.jar;C:\Users\Hp\.m2\repository\com\zaxxer\HikariCP\5.0.1\HikariCP-5.0.1.jar;C:\Users\Hp\.m2\repository\org\springframework\spring-jdbc\6.0.11\spring-jdbc-6.0.11.jar;C:\Users\Hp\.m2\repository\org\hibernate\orm\hibernate-core\6.2.6.Final\hibernate-core-6.2.6.Final.jar;C:\Users\Hp\.m2\repository\jakarta\persistence\jakarta.persistence-api\3.1.0\jakarta.persistence-api-3.1.0.jar;C:\Users\Hp\.m2\repository\jakarta\transaction\jakarta.transaction-api\2.0.1\jakarta.transaction-api-2.0.1.jar;C:\Users\Hp\.m2\repository\org\jboss\logging\jboss-logging\3.5.3.Final\jboss-logging-3.5.3.Final.jar;C:\Users\Hp\.m2\repository\org\hibernate\common\hibernate-commons-annotations\6.0.6.Final\hibernate-commons-annotations-6.0.6.Final.jar;C:\Users\Hp\.m2\repository\io\smallrye\jandex\3.0.5\jandex-3.0.5.jar;C:\Users\Hp\.m2\repository\com\fasterxml\classmate\1.5.1\classmate-1.5.1.jar;C:\Users\Hp\.m2\repository\org\glassfish\jaxb\jaxb-runtime\4.0.3\jaxb-runtime-4.0.3.jar;C:\Users\Hp\.m2\repository\org\glassfish\jaxb\jaxb-core\4.0.3\jaxb-core-4.0.3.jar;C:\Users\Hp\.m2\repository\org\glassfish\jaxb\txw2\4.0.3\txw2-4.0.3.jar;C:\Users\Hp\.m2\repository\com\sun\istack\istack-commons-runtime\4.1.2\istack-commons-runtime-4.1.2.jar;C:\Users\Hp\.m2\repository\jakarta\inject\jakarta.inject-api\2.0.1\jakarta.inject-api-2.0.1.jar;C:\Users\Hp\.m2\repository\org\antlr\antlr4-runtime\4.10.1\antlr4-runtime-4.10.1.jar;C:\Users\Hp\.m2\repository\org\springframework\data\spring-data-jpa\3.1.2\spring-data-jpa-3.1.2.jar;C:\Users\Hp\.m2\repository\org\springframework\data\spring-data-commons\3.1.2\spring-data-commons-3.1.2.jar;C:\Users\Hp\.m2\repository\org\springframework\spring-orm\6.0.11\spring-orm-6.0.11.jar;C:\Users\Hp\.m2\repository\org\springframework\spring-tx\6.0.11\spring-tx-6.0.11.jar;C:\Users\Hp\.m2\repository\org\springframework\spring-aspects\6.0.11\spring-aspects-6.0.11.jar;C:\Users\Hp\.m2\repository\org\springframework\boot\spring-boot-starter-test\3.1.2\spring-boot-starter-test-3.1.2.jar;C:\Users\Hp\.m2\repository\org\springframework\boot\spring-boot-test\3.1.2\spring-boot-test-3.1.2.jar;C:\Users\Hp\.m2\repository\org\springframework\boot\spring-boot-test-autoconfigure\3.1.2\spring-boot-test-autoconfigure-3.1.2.jar;C:\Users\Hp\.m2\repository\com\jayway\jsonpath\json-path\2.8.0\json-path-2.8.0.jar;C:\Users\Hp\.m2\repository\jakarta\xml\bind\jakarta.xml.bind-api\4.0.0\jakarta.xml.bind-api-4.0.0.jar;C:\Users\Hp\.m2\repository\net\minidev\json-smart\2.4.11\json-smart-2.4.11.jar;C:\Users\Hp\.m2\repository\net\minidev\accessors-smart\2.4.11\accessors-smart-2.4.11.jar;C:\Users\Hp\.m2\repository\org\ow2\asm\asm\9.3\asm-9.3.jar;C:\Users\Hp\.m2\repository\org\hamcrest\hamcrest\2.2\hamcrest-2.2.jar;C:\Users\Hp\.m2\repository\org\junit\jupiter\junit-jupiter\5.9.3\junit-jupiter-5.9.3.jar;C:\Users\Hp\.m2\repository\org\junit\jupiter\junit-jupiter-api\5.9.3\junit-jupiter-api-5.9.3.jar;C:\Users\Hp\.m2\repository\org\opentest4j\opentest4j\1.2.0\opentest4j-1.2.0.jar;C:\Users\Hp\.m2\repository\org\junit\platform\junit-platform-commons\1.9.3\junit-platform-commons-1.9.3.jar;C:\Users\Hp\.m2\repository\org\apiguardian\apiguardian-api\1.1.2\apiguardian-api-1.1.2.jar;C:\Users\Hp\.m2\repository\org\junit\jupiter\junit-jupiter-params\5.9.3\junit-jupiter-params-5.9.3.jar;C:\Users\Hp\.m2\repository\org\junit\jupiter\junit-jupiter-engine\5.9.3\junit-jupiter-engine-5.9.3.jar;C:\Users\Hp\.m2\repository\org\junit\platform\junit-platform-engine\1.9.3\junit-platform-engine-1.9.3.jar;C:\Users\Hp\.m2\repository\org\mockito\mockito-core\5.3.1\mockito-core-5.3.1.jar;C:\Users\Hp\.m2\repository\net\bytebuddy\byte-buddy-agent\1.14.5\byte-buddy-agent-1.14.5.jar;C:\Users\Hp\.m2\repository\org\objenesis\objenesis\3.3\objenesis-3.3.jar;C:\Users\Hp\.m2\repository\org\mockito\mockito-junit-jupiter\5.3.1\mockito-junit-jupiter-5.3.1.jar;C:\Users\Hp\.m2\repository\org\skyscreamer\jsonassert\1.5.1\jsonassert-1.5.1.jar;C:\Users\Hp\.m2\repository\com\vaadin\external\google\android-json\0.0.20131108.vaadin1\android-json-0.0.20131108.vaadin1.jar;C:\Users\Hp\.m2\repository\org\springframework\spring-core\6.0.11\spring-core-6.0.11.jar;C:\Users\Hp\.m2\repository\org\springframework\spring-jcl\6.0.11\spring-jcl-6.0.11.jar;C:\Users\Hp\.m2\repository\org\springframework\spring-test\6.0.11\spring-test-6.0.11.jar;C:\Users\Hp\.m2\repository\org\xmlunit\xmlunit-core\2.9.1\xmlunit-core-2.9.1.jar;C:\Users\Hp\.m2\repository\org\webjars\bootstrap\4.3.1\bootstrap-4.3.1.jar;C:\Users\Hp\.m2\repository\org\webjars\popper.js\1.14.3\popper.js-1.14.3.jar;C:\Users\Hp\.m2\repository\org\webjars\jquery\3.4.1\jquery-3.4.1.jar;C:\Users\Hp\.m2\repository\org\webjars\webjars-locator-core\0.52\webjars-locator-core-0.52.jar;C:\Users\Hp\.m2\repository\org\slf4j\slf4j-api\2.0.7\slf4j-api-2.0.7.jar;C:\Users\Hp\.m2\repository\io\github\classgraph\classgraph\4.8.147\classgraph-4.8.147.jar;C:\Users\Hp\.m2\repository\com\fasterxml\jackson\core\jackson-core\2.15.2\jackson-core-2.15.2.jar;D:\IntelliJ-workspace\ShopmeProject\ShopmeCommon\target\classes;C:\Users\Hp\.m2\repository\com\cloudinary\cloudinary-http44\1.33.0\cloudinary-http44-1.33.0.jar;C:\Users\Hp\.m2\repository\com\cloudinary\cloudinary-core\1.33.0\cloudinary-core-1.33.0.jar;C:\Users\Hp\.m2\repository\org\apache\commons\commons-lang3\3.12.0\commons-lang3-3.12.0.jar;C:\Users\Hp\.m2\repository\org\apache\httpcomponents\httpclient\4.4\httpclient-4.4.jar;C:\Users\Hp\.m2\repository\org\apache\httpcomponents\httpcore\4.4.16\httpcore-4.4.16.jar;C:\Users\Hp\.m2\repository\commons-logging\commons-logging\1.2\commons-logging-1.2.jar;C:\Users\Hp\.m2\repository\commons-codec\commons-codec\1.15\commons-codec-1.15.jar;C:\Users\Hp\.m2\repository\org\apache\httpcomponents\httpmime\4.4\httpmime-4.4.jar;C:\Users\Hp\.m2\repository\org\thymeleaf\extras\thymeleaf-extras-springsecurity6\3.1.1.RELEASE\thymeleaf-extras-springsecurity6-3.1.1.RELEASE.jar;C:\Users\Hp\.m2\repository\org\assertj\assertj-core\3.24.2\assertj-core-3.24.2.jar;C:\Users\Hp\.m2\repository\net\bytebuddy\byte-buddy\1.14.5\byte-buddy-1.14.5.jar
Launcher Type: SUN_STANDARD

[Global flags]
     intx CICompilerCount                          = 3                                         {product} {ergonomic}
     uint ConcGCThreads                            = 1                                         {product} {ergonomic}
     uint G1ConcRefinementThreads                  = 4                                         {product} {ergonomic}
   size_t G1HeapRegionSize                         = 1048576                                   {product} {ergonomic}
    uintx GCDrainStackTargetSize                   = 64                                        {product} {ergonomic}
   size_t InitialHeapSize                          = 65011712                                  {product} {ergonomic}
   size_t MarkStackSize                            = 4194304                                   {product} {ergonomic}
   size_t MaxHeapSize                              = 1040187392                                {product} {ergonomic}
   size_t MaxNewSize                               = 623902720                                 {product} {ergonomic}
   size_t MinHeapDeltaBytes                        = 1048576                                   {product} {ergonomic}
   size_t MinHeapSize                              = 8388608                                   {product} {ergonomic}
    uintx NonNMethodCodeHeapSize                   = 5832780                                {pd product} {ergonomic}
    uintx NonProfiledCodeHeapSize                  = 122912730                              {pd product} {ergonomic}
    uintx ProfiledCodeHeapSize                     = 122912730                              {pd product} {ergonomic}
    uintx ReservedCodeCacheSize                    = 251658240                              {pd product} {ergonomic}
     bool SegmentedCodeCache                       = true                                      {product} {ergonomic}
   size_t SoftMaxHeapSize                          = 1040187392                             {manageable} {ergonomic}
     bool UseCompressedClassPointers               = true                           {product lp64_product} {ergonomic}
     bool UseCompressedOops                        = true                           {product lp64_product} {ergonomic}
     bool UseG1GC                                  = true                                      {product} {ergonomic}
     bool UseLargePagesIndividualAllocation        = false                                  {pd product} {ergonomic}

Logging:
Log output configuration:
 #0: stdout all=warning uptime,level,tags foldmultilines=false
 #1: stderr all=off uptime,level,tags foldmultilines=false

Environment Variables:
JAVA_HOME=D:\Java\OpenJDK20\openjdk-20.0.2_windows-x64_bin\jdk-20.0.2
PATH=C:\Program Files\Common Files\Oracle\Java\javapath;C:\WINDOWS\system32;C:\WINDOWS;C:\WINDOWS\System32\Wbem;C:\WINDOWS\System32\WindowsPowerShell\v1.0\;C:\WINDOWS\System32\OpenSSH\;;C:\Program Files\Microsoft SQL Server\Client SDK\ODBC\170\Tools\Binn\;C:\Program Files (x86)\Microsoft SQL Server\150\Tools\Binn\;C:\Program Files\Microsoft SQL Server\150\Tools\Binn\;C:\Program Files\Microsoft SQL Server\150\DTS\Binn\;C:\Program Files (x86)\Microsoft SQL Server\160\DTS\Binn\;C:\Program Files\Azure Data Studio\bin;C:\Program Files\Java\jdk-17\bin;C:\Program Files\Git\cmd;C:\Program Files\dotnet\;C:\Users\Hp\AppData\Local\Programs\Microsoft VS Code\bin;C:\msys64\mingw64\bin;C:\Users\Hp\AppData\Local\Microsoft\WindowsApps;;C:\Program Files\Azure Data Studio\bin;C:\Users\Hp\AppData\Local\Google\Cloud SDK\google-cloud-sdk\bin;C:\Users\Hp\.dotnet\tools
USERNAME=Hp
OS=Windows_NT
PROCESSOR_IDENTIFIER=Intel64 Family 6 Model 142 Stepping 10, GenuineIntel
TMP=C:\Users\Hp\AppData\Local\Temp
TEMP=C:\Users\Hp\AppData\Local\Temp




---------------  S Y S T E M  ---------------

OS:
 Windows 11 , 64 bit Build 22621 (10.0.22621.2215)
OS uptime: 0 days 11:00 hours

CPU: total 4 (initial active 4) (2 cores per cpu, 2 threads per core) family 6 model 142 stepping 10 microcode 0xe0, cx8, cmov, fxsr, ht, mmx, 3dnowpref, sse, sse2, sse3, ssse3, sse4.1, sse4.2, popcnt, lzcnt, tsc, tscinvbit, avx, avx2, aes, erms, clmul, bmi1, bmi2, adx, fma, vzeroupper, clflush, clflushopt, rdtscp, f16c

Memory: 4k page, system-wide physical 3964M (379M free)
TotalPageFile size 9964M (AvailPageFile size 40M)
current process WorkingSet (physical memory assigned to process): 200M, peak: 205M
current process commit charge ("private bytes"): 264M, peak: 324M

vm_info: OpenJDK 64-Bit Server VM (20.0.1+9-29) for windows-amd64 JRE (20.0.1+9-29), built on 2023-03-07T13:56:11Z by "mach5one" with MS VC++ 17.1 (VS2022)

END.
